SF:lib/models/person.dart
DA:21,2
DA:34,2
DA:36,2
LF:3
LH:3
end_of_record
SF:lib/models/person.g.dart
DA:9,2
DA:10,1
DA:11,1
DA:12,1
DA:13,1
DA:14,1
DA:15,1
DA:16,1
DA:17,1
DA:18,1
DA:19,1
DA:22,2
DA:23,1
DA:24,1
DA:25,1
DA:26,1
DA:27,1
DA:28,1
DA:29,1
DA:30,1
DA:31,1
DA:32,1
LF:22
LH:22
end_of_record
SF:lib/utils/date_formatter.dart
DA:5,2
DA:6,4
LF:2
LH:2
end_of_record
SF:lib/widgets/clear_button.dart
DA:4,3
DA:8,3
DA:10,3
DA:12,3
DA:13,3
DA:14,3
DA:15,3
DA:16,3
DA:17,3
DA:25,2
DA:26,4
DA:27,4
LF:12
LH:12
end_of_record
SF:lib/providers/filter_provider.dart
DA:7,2
DA:12,1
DA:16,1
DA:17,1
DA:18,0
DA:24,6
DA:26,0
DA:27,0
DA:30,1
DA:31,3
DA:32,1
DA:33,0
DA:35,1
DA:37,3
DA:40,0
DA:41,0
DA:44,1
DA:45,2
DA:49,4
DA:50,4
DA:51,2
LF:21
LH:15
end_of_record
SF:lib/widgets/dropdown_filter.dart
DA:9,2
DA:13,2
DA:15,6
DA:16,6
DA:18,1
DA:19,2
DA:20,3
DA:23,2
DA:25,2
DA:28,2
DA:29,2
DA:30,2
DA:31,2
DA:32,2
DA:36,1
DA:37,1
DA:41,1
DA:42,2
DA:43,2
DA:44,2
DA:46,1
DA:47,2
DA:48,2
DA:49,3
DA:50,1
DA:53,2
DA:54,1
DA:57,1
DA:58,1
DA:60,4
DA:62,1
DA:63,1
DA:64,1
DA:67,1
DA:69,1
DA:70,2
DA:71,1
DA:72,1
DA:76,1
DA:77,1
DA:80,1
DA:81,1
DA:83,2
DA:84,1
DA:86,1
DA:87,3
DA:88,1
DA:93,1
DA:94,1
DA:95,1
DA:97,1
DA:98,1
DA:99,1
DA:100,1
DA:101,2
DA:104,3
DA:120,0
DA:121,0
LF:58
LH:56
end_of_record
SF:lib/widgets/search_input.dart
DA:5,3
DA:14,3
DA:16,3
DA:17,3
DA:19,3
DA:21,3
DA:23,3
DA:24,3
DA:27,3
DA:29,2
DA:31,1
DA:32,1
DA:33,1
DA:34,2
DA:38,2
DA:39,4
DA:40,4
LF:17
LH:17
end_of_record
SF:lib/providers/ui_state_provider.dart
DA:5,6
DA:6,4
DA:12,6
DA:13,4
DA:19,3
DA:20,1
DA:21,3
DA:23,1
LF:8
LH:8
end_of_record
SF:lib/widgets/chip_list_filter.dart
DA:7,1
DA:11,1
DA:13,2
DA:14,3
DA:16,1
DA:18,1
DA:19,2
DA:20,1
DA:21,1
DA:23,1
DA:26,2
DA:27,1
DA:29,4
DA:30,1
DA:32,1
DA:38,3
DA:40,0
DA:41,0
DA:42,0
LF:19
LH:16
end_of_record
SF:lib/widgets/filter_type_toggle.dart
DA:6,3
DA:8,2
DA:10,4
DA:11,4
DA:12,2
DA:14,2
DA:16,1
DA:17,2
DA:19,3
DA:20,5
LF:10
LH:10
end_of_record
SF:lib/widgets/state_filter.dart
DA:13,2
DA:15,1
DA:17,3
DA:18,2
DA:20,1
DA:22,2
DA:30,1
DA:32,1
DA:33,1
DA:34,1
DA:35,1
DA:36,1
DA:37,1
DA:39,1
DA:44,1
DA:46,1
DA:49,1
DA:50,2
DA:52,1
DA:53,2
LF:20
LH:20
end_of_record
SF:lib/assets/animations/animations_enum.dart
DA:7,4
DA:8,3
DA:10,1
DA:15,1
DA:16,1
LF:5
LH:5
end_of_record
SF:lib/widgets/lottie_animation_widget.dart
DA:5,1
DA:16,1
DA:18,2
DA:20,1
DA:21,1
LF:5
LH:5
end_of_record
SF:lib/widgets/person_card.dart
DA:6,1
DA:10,1
DA:12,1
DA:13,1
DA:17,1
DA:19,1
DA:20,1
DA:25,1
DA:26,1
DA:28,1
DA:29,3
DA:31,1
DA:32,1
DA:33,1
DA:34,1
DA:35,1
DA:44,1
DA:46,1
DA:47,2
DA:48,1
DA:50,1
DA:62,1
DA:63,1
DA:65,1
DA:66,1
DA:68,5
DA:72,3
DA:73,3
DA:74,1
DA:76,2
DA:79,1
DA:81,2
DA:88,1
DA:91,1
DA:92,1
DA:96,1
DA:99,1
DA:100,1
DA:101,1
DA:122,1
DA:134,1
DA:136,2
DA:137,2
DA:138,2
DA:140,1
DA:142,3
DA:144,2
DA:145,4
DA:148,1
DA:149,1
DA:154,2
DA:156,1
DA:159,2
DA:161,1
DA:164,2
DA:166,1
DA:169,2
DA:171,1
DA:176,1
DA:177,1
DA:178,1
DA:180,1
DA:181,1
DA:183,1
DA:185,1
DA:187,1
DA:188,2
DA:190,1
DA:193,1
DA:195,1
DA:205,2
DA:213,1
DA:215,1
DA:217,1
DA:218,1
DA:219,1
DA:220,1
LF:77
LH:77
end_of_record
